Using pre-set license
Built from '2022.3/staging' branch; Version is '2022.3.4f1 (35713cd46cd7) revision 3502396'; Using compiler version '192829333'; Build Type 'Release'
OS: 'Windows 10  (10.0.19045) 64bit Professional' Language: 'de' Physical Memory: 32691 MB
BatchMode: 1, IsHumanControllingUs: 0, StartBugReporterOnCrash: 0, Is64bit: 1, IsPro: 1

COMMAND LINE ARGUMENTS:
D:\Unity\2022.3.4f1\Editor\Unity.exe
-adb2
-batchMode
-noUpm
-name
AssetImportWorker2
-projectPath
D:/UnityGames/3DTutorial/FFTestApplication
-logFile
Logs/AssetImportWorker2.log
-srvPort
65485
Successfully changed project path to: D:/UnityGames/3DTutorial/FFTestApplication
D:/UnityGames/3DTutorial/FFTestApplication
[UnityMemory] Configuration Parameters - Can be set up in boot.config
    "memorysetup-bucket-allocator-granularity=16"
    "memorysetup-bucket-allocator-bucket-count=8"
    "memorysetup-bucket-allocator-block-size=33554432"
    "memorysetup-bucket-allocator-block-count=8"
    "memorysetup-main-allocator-block-size=16777216"
    "memorysetup-thread-allocator-block-size=16777216"
    "memorysetup-gfx-main-allocator-block-size=16777216"
    "memorysetup-gfx-thread-allocator-block-size=16777216"
    "memorysetup-cache-allocator-block-size=4194304"
    "memorysetup-typetree-allocator-block-size=2097152"
    "memorysetup-profiler-bucket-allocator-granularity=16"
    "memorysetup-profiler-bucket-allocator-bucket-count=8"
    "memorysetup-profiler-bucket-allocator-block-size=33554432"
    "memorysetup-profiler-bucket-allocator-block-count=8"
    "memorysetup-profiler-allocator-block-size=16777216"
    "memorysetup-profiler-editor-allocator-block-size=1048576"
    "memorysetup-temp-allocator-size-main=16777216"
    "memorysetup-job-temp-allocator-block-size=2097152"
    "memorysetup-job-temp-allocator-block-size-background=1048576"
    "memorysetup-job-temp-allocator-reduction-small-platforms=262144"
    "memorysetup-allocator-temp-initial-block-size-main=262144"
    "memorysetup-allocator-temp-initial-block-size-worker=262144"
    "memorysetup-temp-allocator-size-background-worker=32768"
    "memorysetup-temp-allocator-size-job-worker=262144"
    "memorysetup-temp-allocator-size-preload-manager=33554432"
    "memorysetup-temp-allocator-size-nav-mesh-worker=65536"
    "memorysetup-temp-allocator-size-audio-worker=65536"
    "memorysetup-temp-allocator-size-cloud-worker=32768"
    "memorysetup-temp-allocator-size-gi-baking-worker=262144"
    "memorysetup-temp-allocator-size-gfx=262144"
Player connection [14540] Host "[IP] 192.168.178.23 [Port] 0 [Flags] 2 [Guid] 1841055959 [EditorId] 1841055959 [Version] 1048832 [Id] WindowsEditor(7,DESKTOP-RL1AD0M) [Debug] 1 [PackageName] WindowsEditor [ProjectName] Editor" joined multi-casting on [225.0.0.222:54997]...

Player connection [14540] Host "[IP] 192.168.178.23 [Port] 0 [Flags] 2 [Guid] 1841055959 [EditorId] 1841055959 [Version] 1048832 [Id] WindowsEditor(7,DESKTOP-RL1AD0M) [Debug] 1 [PackageName] WindowsEditor [ProjectName] Editor" joined alternative multi-casting on [225.0.0.222:34997]...

Refreshing native plugins compatible for Editor in 14.21 ms, found 10 plugins.
Preloading 0 native plugins for Editor in 0.00 ms.
Initialize engine version: 2022.3.4f1 (35713cd46cd7)
[Subsystems] Discovering subsystems at path D:/Unity/2022.3.4f1/Editor/Data/Resources/UnitySubsystems
[Subsystems] Discovering subsystems at path D:/UnityGames/3DTutorial/FFTestApplication/Assets
GfxDevice: creating device client; threaded=0; jobified=0
Direct3D:
    Version:  Direct3D 11.0 [level 11.1]
    Renderer: NVIDIA GeForce GTX 1050 Ti (ID=0x1c82)
    Vendor:   NVIDIA
    VRAM:     4017 MB
    Driver:   31.0.15.3623
Initialize mono
Mono path[0] = 'D:/Unity/2022.3.4f1/Editor/Data/Managed'
Mono path[1] = 'D:/Unity/2022.3.4f1/Editor/Data/MonoBleedingEdge/lib/mono/unityjit-win32'
Mono config path = 'D:/Unity/2022.3.4f1/Editor/Data/MonoBleedingEdge/etc'
Using monoOptions --debugger-agent=transport=dt_socket,embedding=1,server=y,suspend=n,address=127.0.0.1:56112
Begin MonoManager ReloadAssembly
Registering precompiled unity dll's ...
Register platform support module: D:/Unity/2022.3.4f1/Editor/Data/PlaybackEngines/WebGLSupport/UnityEditor.WebGL.Extensions.dll
Register platform support module: D:/Unity/2022.3.4f1/Editor/Data/PlaybackEngines/AndroidPlayer/UnityEditor.Android.Extensions.dll
Register platform support module: D:/Unity/2022.3.4f1/Editor/Data/PlaybackEngines/WindowsStandaloneSupport/UnityEditor.WindowsStandalone.Extensions.dll
Registered in 0.005758 seconds.
- Loaded All Assemblies, in  0.325 seconds
Native extension for WindowsStandalone target not found
Native extension for Android target not found
Android Extension - Scanning For ADB Devices 278 ms
Native extension for WebGL target not found
Mono: successfully reloaded assembly
- Finished resetting the current domain, in  0.607 seconds
Domain Reload Profiling: 932ms
	BeginReloadAssembly (76ms)
		ExecutionOrderSort (0ms)
		DisableScriptedObjects (0ms)
		BackupInstance (0ms)
		ReleaseScriptingObjects (0ms)
		CreateAndSetChildDomain (1ms)
	RebuildCommonClasses (38ms)
	RebuildNativeTypeToScriptingClass (11ms)
	initialDomainReloadingComplete (55ms)
	LoadAllAssembliesAndSetupDomain (144ms)
		LoadAssemblies (76ms)
		RebuildTransferFunctionScriptingTraits (0ms)
		AnalyzeDomain (139ms)
			TypeCache.Refresh (138ms)
				TypeCache.ScanAssembly (129ms)
			ScanForSourceGeneratedMonoScriptInfo (0ms)
			ResolveRequiredComponents (1ms)
	FinalizeReload (607ms)
		ReleaseScriptCaches (0ms)
		RebuildScriptCaches (0ms)
		SetupLoadedEditorAssemblies (549ms)
			LogAssemblyErrors (0ms)
			InitializePlatformSupportModulesInManaged (398ms)
			SetLoadedEditorAssemblies (3ms)
			RefreshPlugins (0ms)
			BeforeProcessingInitializeOnLoad (2ms)
			ProcessInitializeOnLoadAttributes (101ms)
			ProcessInitializeOnLoadMethodAttributes (44ms)
			AfterProcessingInitializeOnLoad (0ms)
			EditorAssembliesLoaded (0ms)
		ExecutionOrderSort2 (0ms)
		AwakeInstancesAfterBackupRestoration (0ms)
========================================================================
Worker process is ready to serve import requests
Begin MonoManager ReloadAssembly
- Loaded All Assemblies, in  0.706 seconds
Refreshing native plugins compatible for Editor in 9.35 ms, found 10 plugins.
Native extension for WindowsStandalone target not found
Native extension for Android target not found
Native extension for WebGL target not found
Package Manager log level set to [2]
[Package Manager] Server::EnsureServerProcessIsRunning -- launch failed, reason: Unity was launched with the -noUpm command-line argument
[Package Manager] UpmClient::Send -- Unable to send message (not connected to UPM process).
[Package Manager] Cannot connect to Unity Package Manager local server
[Package Manager] Server::EnsureServerProcessIsRunning -- launch failed, reason: Unity was launched with the -noUpm command-line argument
[Package Manager] UpmClient::Send -- Unable to send message (not connected to UPM process).
[Package Manager] Cannot connect to Unity Package Manager local server
Mono: successfully reloaded assembly
[Package Manager] Server::EnsureServerProcessIsRunning -- launch failed, reason: Unity was launched with the -noUpm command-line argument
[Package Manager] UpmClient::Send -- Unable to send message (not connected to UPM process).
[Package Manager] Cannot connect to Unity Package Manager local server
[Package Manager] Server::EnsureServerProcessIsRunning -- launch failed, reason: Unity was launched with the -noUpm command-line argument
[Package Manager] UpmClient::Send -- Unable to send message (not connected to UPM process).
[Package Manager] Cannot connect to Unity Package Manager local server
- Finished resetting the current domain, in  0.636 seconds
Domain Reload Profiling: 1342ms
	BeginReloadAssembly (127ms)
		ExecutionOrderSort (0ms)
		DisableScriptedObjects (6ms)
		BackupInstance (0ms)
		ReleaseScriptingObjects (0ms)
		CreateAndSetChildDomain (20ms)
	RebuildCommonClasses (34ms)
	RebuildNativeTypeToScriptingClass (11ms)
	initialDomainReloadingComplete (39ms)
	LoadAllAssembliesAndSetupDomain (495ms)
		LoadAssemblies (238ms)
		RebuildTransferFunctionScriptingTraits (0ms)
		AnalyzeDomain (317ms)
			TypeCache.Refresh (293ms)
				TypeCache.ScanAssembly (279ms)
			ScanForSourceGeneratedMonoScriptInfo (18ms)
			ResolveRequiredComponents (7ms)
	FinalizeReload (637ms)
		ReleaseScriptCaches (0ms)
		RebuildScriptCaches (0ms)
		SetupLoadedEditorAssemblies (466ms)
			LogAssemblyErrors (0ms)
			InitializePlatformSupportModulesInManaged (22ms)
			SetLoadedEditorAssemblies (4ms)
			RefreshPlugins (0ms)
			BeforeProcessingInitializeOnLoad (66ms)
			ProcessInitializeOnLoadAttributes (327ms)
			ProcessInitializeOnLoadMethodAttributes (44ms)
			AfterProcessingInitializeOnLoad (3ms)
			EditorAssembliesLoaded (0ms)
		ExecutionOrderSort2 (0ms)
		AwakeInstancesAfterBackupRestoration (5ms)
Launched and connected shader compiler UnityShaderCompiler.exe after 0.04 seconds
Refreshing native plugins compatible for Editor in 8.24 ms, found 10 plugins.
Preloading 0 native plugins for Editor in 0.00 ms.
Unloading 3889 Unused Serialized files (Serialized files now loaded: 0)
Unloading 74 unused Assets / (75.8 KB). Loaded Objects now: 4358.
Memory consumption went from 142.0 MB to 141.9 MB.
Total: 4.399800 ms (FindLiveObjects: 0.481300 ms CreateObjectMapping: 0.133900 ms MarkObjects: 3.596600 ms  DeleteObjects: 0.186800 ms)

AssetImportParameters requested are different than current active one (requested -> active):
  custom:container-demuxer-ogg: 62fdf1f143b41e24485cea50d1cbac27 -> 
  custom:video-decoder-ogg-theora: a1e56fd34408186e4bbccfd4996cb3dc -> 
  custom:framework-win-MediaFoundation: 216162199b28c13a410421893ffa2e32 -> 
  custom:CustomObjectIndexerAttribute: 756ad292c208cfabdd7b50bc23989ffe -> 
  custom:container-demuxer-webm: 4f35f7cbe854078d1ac9338744f61a02 -> 
  custom:container-muxer-webm: aa71ff27fc2769a1b78a27578f13a17b -> 
  custom:video-decoder-webm-vp8: 9c59270c3fd7afecdb556c50c9e8de78 -> 
  custom:AudioImporter_EditorPlatform: d09bf68614088b80899f8185d706f6e7 -> 
  custom:video-encoder-webm-vp8: eb34c28f22e8b96e1ab97ce403110664 -> 
  custom:audio-decoder-ogg-vorbis: bf7c407c2cedff20999df2af8eb42d56 -> 
  custom:audio-encoder-webm-vorbis: bf7c407c2cedff20999df2af8eb42d56 -> 
========================================================================
Received Import Request.
  Time since last request: 1032026.888921 seconds.
  path: Assets/Prefab/Hydrogen.prefab
  artifactKey: Guid(f280cf997baab7b4a97d3dc5726d3487) Importer(815301076,1909f56bfc062723c751e8b465ee728b)
Start importing Assets/Prefab/Hydrogen.prefab using Guid(f280cf997baab7b4a97d3dc5726d3487) Importer(815301076,1909f56bfc062723c751e8b465ee728b)  -> (artifact id: '1eddfd2270ef859462dd9bf778d60da9') in 0.085602 seconds
Number of updated asset objects reloaded before import = 0
Number of asset objects unloaded after import = 10
========================================================================
Received Import Request.
  Time since last request: 0.000024 seconds.
  path: Assets/Prefab/Nitrogen.prefab
  artifactKey: Guid(915b5e1f5624f52439f226ef37b26a53) Importer(815301076,1909f56bfc062723c751e8b465ee728b)
Start importing Assets/Prefab/Nitrogen.prefab using Guid(915b5e1f5624f52439f226ef37b26a53) Importer(815301076,1909f56bfc062723c751e8b465ee728b)  -> (artifact id: 'f95291534045aebe4f6f1530467feb3f') in 0.005766 seconds
Number of updated asset objects reloaded before import = 0
Number of asset objects unloaded after import = 10
========================================================================
Received Import Request.
  Time since last request: 24.961690 seconds.
  path: Assets/Material/Carbon.mat
  artifactKey: Guid(cae993f6d09cacd44bcb092f37e267dd) Importer(815301076,1909f56bfc062723c751e8b465ee728b)
Start importing Assets/Material/Carbon.mat using Guid(cae993f6d09cacd44bcb092f37e267dd) Importer(815301076,1909f56bfc062723c751e8b465ee728b)  -> (artifact id: 'a8a021975ae14ea0004bfefb2edb4392') in 0.025921 seconds
Number of updated asset objects reloaded before import = 0
Number of asset objects unloaded after import = 2
========================================================================
Received Import Request.
  Time since last request: 0.000024 seconds.
  path: Assets/Material/Oxygen.mat
  artifactKey: Guid(4437b68a7a84a084f93795ebd1dd7279) Importer(815301076,1909f56bfc062723c751e8b465ee728b)
Start importing Assets/Material/Oxygen.mat using Guid(4437b68a7a84a084f93795ebd1dd7279) Importer(815301076,1909f56bfc062723c751e8b465ee728b)  -> (artifact id: '832bc4030553943e00af3c80e8f05ddb') in 0.011504 seconds
Number of updated asset objects reloaded before import = 0
Number of asset objects unloaded after import = 3
========================================================================
Received Import Request.
  Time since last request: 6.291305 seconds.
  path: Assets/Material/Floor.mat
  artifactKey: Guid(43b17b4ccf7ba7d4cad7ba213cefe168) Importer(815301076,1909f56bfc062723c751e8b465ee728b)
Start importing Assets/Material/Floor.mat using Guid(43b17b4ccf7ba7d4cad7ba213cefe168) Importer(815301076,1909f56bfc062723c751e8b465ee728b)  -> (artifact id: '14d7e0b27b2caae763a5be27b27ce7ac') in 0.009968 seconds
Number of updated asset objects reloaded before import = 0
Number of asset objects unloaded after import = 1
========================================================================
Received Import Request.
  Time since last request: 52.124230 seconds.
  path: Assets/Script/PythonThread.cs
  artifactKey: Guid(2301b4334224da64085ee6147b092802) Importer(815301076,1909f56bfc062723c751e8b465ee728b)
Start importing Assets/Script/PythonThread.cs using Guid(2301b4334224da64085ee6147b092802) Importer(815301076,1909f56bfc062723c751e8b465ee728b)  -> (artifact id: '66571c31eb186adb1b1366c605b5005a') in 0.000406 seconds
Number of updated asset objects reloaded before import = 0
Number of asset objects unloaded after import = 0
========================================================================
Received Import Request.
  Time since last request: 4.106094 seconds.
  path: Assets/Script/PythonRunner.cs
  artifactKey: Guid(4b023bcd31c6b324c975cf7be6175f0a) Importer(815301076,1909f56bfc062723c751e8b465ee728b)
Start importing Assets/Script/PythonRunner.cs using Guid(4b023bcd31c6b324c975cf7be6175f0a) Importer(815301076,1909f56bfc062723c751e8b465ee728b)  -> (artifact id: '26b70aa8b7717592232897d8490d7c6b') in 0.000392 seconds
Number of updated asset objects reloaded before import = 0
Number of asset objects unloaded after import = 0
========================================================================
Received Import Request.
  Time since last request: 447.300862 seconds.
  path: Assets/Script/UnitySocket.cs
  artifactKey: Guid(1983df5a32e5c02469ccba739e524e87) Importer(815301076,1909f56bfc062723c751e8b465ee728b)
Start importing Assets/Script/UnitySocket.cs using Guid(1983df5a32e5c02469ccba739e524e87) Importer(815301076,1909f56bfc062723c751e8b465ee728b)  -> (artifact id: 'f18ab6a6e08d7ae8318c46642464eab3') in 0.000467 seconds
Number of updated asset objects reloaded before import = 0
Number of asset objects unloaded after import = 0
========================================================================
Received Prepare
Begin MonoManager ReloadAssembly
- Loaded All Assemblies, in  0.660 seconds
Refreshing native plugins compatible for Editor in 6.97 ms, found 11 plugins.
Native extension for WindowsStandalone target not found
Native extension for Android target not found
Native extension for WebGL target not found
[Package Manager] Server::EnsureServerProcessIsRunning -- launch failed, reason: Unity was launched with the -noUpm command-line argument
[Package Manager] UpmClient::Send -- Unable to send message (not connected to UPM process).
[Package Manager] Cannot connect to Unity Package Manager local server
[Package Manager] Server::EnsureServerProcessIsRunning -- launch failed, reason: Unity was launched with the -noUpm command-line argument
[Package Manager] UpmClient::Send -- Unable to send message (not connected to UPM process).
[Package Manager] Cannot connect to Unity Package Manager local server
Mono: successfully reloaded assembly
[Package Manager] Server::EnsureServerProcessIsRunning -- launch failed, reason: Unity was launched with the -noUpm command-line argument
[Package Manager] UpmClient::Send -- Unable to send message (not connected to UPM process).
[Package Manager] Cannot connect to Unity Package Manager local server
- Finished resetting the current domain, in  0.760 seconds
Domain Reload Profiling: 1419ms
	BeginReloadAssembly (130ms)
		ExecutionOrderSort (0ms)
		DisableScriptedObjects (4ms)
		BackupInstance (0ms)
		ReleaseScriptingObjects (0ms)
		CreateAndSetChildDomain (36ms)
	RebuildCommonClasses (32ms)
	RebuildNativeTypeToScriptingClass (12ms)
	initialDomainReloadingComplete (23ms)
	LoadAllAssembliesAndSetupDomain (462ms)
		LoadAssemblies (220ms)
		RebuildTransferFunctionScriptingTraits (0ms)
		AnalyzeDomain (298ms)
			TypeCache.Refresh (282ms)
				TypeCache.ScanAssembly (270ms)
			ScanForSourceGeneratedMonoScriptInfo (9ms)
			ResolveRequiredComponents (8ms)
	FinalizeReload (760ms)
		ReleaseScriptCaches (0ms)
		RebuildScriptCaches (0ms)
		SetupLoadedEditorAssemblies (424ms)
			LogAssemblyErrors (0ms)
			InitializePlatformSupportModulesInManaged (20ms)
			SetLoadedEditorAssemblies (4ms)
			RefreshPlugins (0ms)
			BeforeProcessingInitializeOnLoad (65ms)
			ProcessInitializeOnLoadAttributes (294ms)
			ProcessInitializeOnLoadMethodAttributes (38ms)
			AfterProcessingInitializeOnLoad (3ms)
			EditorAssembliesLoaded (0ms)
		ExecutionOrderSort2 (0ms)
		AwakeInstancesAfterBackupRestoration (5ms)
Refreshing native plugins compatible for Editor in 10.96 ms, found 11 plugins.
Preloading 0 native plugins for Editor in 0.00 ms.
Unloading 4460 Unused Serialized files (Serialized files now loaded: 0)
Unloading 63 unused Assets / (52.0 KB). Loaded Objects now: 4987.
Memory consumption went from 151.3 MB to 151.2 MB.
Total: 3.123800 ms (FindLiveObjects: 0.375000 ms CreateObjectMapping: 0.122600 ms MarkObjects: 2.544200 ms  DeleteObjects: 0.081100 ms)

Prepare: number of updated asset objects reloaded= 34
AssetImportParameters requested are different than current active one (requested -> active):
  custom:container-demuxer-ogg: 62fdf1f143b41e24485cea50d1cbac27 -> 
  custom:video-decoder-ogg-theora: a1e56fd34408186e4bbccfd4996cb3dc -> 
  custom:framework-win-MediaFoundation: 216162199b28c13a410421893ffa2e32 -> 
  custom:CustomObjectIndexerAttribute: 756ad292c208cfabdd7b50bc23989ffe -> 
  custom:container-demuxer-webm: 4f35f7cbe854078d1ac9338744f61a02 -> 
  custom:container-muxer-webm: aa71ff27fc2769a1b78a27578f13a17b -> 
  custom:video-decoder-webm-vp8: 9c59270c3fd7afecdb556c50c9e8de78 -> 
  custom:AudioImporter_EditorPlatform: d09bf68614088b80899f8185d706f6e7 -> 
  custom:video-encoder-webm-vp8: eb34c28f22e8b96e1ab97ce403110664 -> 
  custom:audio-decoder-ogg-vorbis: bf7c407c2cedff20999df2af8eb42d56 -> 
  custom:audio-encoder-webm-vorbis: bf7c407c2cedff20999df2af8eb42d56 -> 
========================================================================
Received Import Request.
  Time since last request: 41.024906 seconds.
  path: Assets/Prefab/Carbon.prefab
  artifactKey: Guid(b2de1678911968340b050b226d60ecfc) Importer(815301076,1909f56bfc062723c751e8b465ee728b)
Start importing Assets/Prefab/Carbon.prefab using Guid(b2de1678911968340b050b226d60ecfc) Importer(815301076,1909f56bfc062723c751e8b465ee728b)  -> (artifact id: 'e9b056dbb7ed2916bfeaf91f1a0ad2b5') in 0.085079 seconds
Number of updated asset objects reloaded before import = 36
Number of asset objects unloaded after import = 14
========================================================================
Received Import Request.
  Time since last request: 0.000015 seconds.
  path: Assets/Prefab/Nitrogen.prefab
  artifactKey: Guid(915b5e1f5624f52439f226ef37b26a53) Importer(815301076,1909f56bfc062723c751e8b465ee728b)
Start importing Assets/Prefab/Nitrogen.prefab using Guid(915b5e1f5624f52439f226ef37b26a53) Importer(815301076,1909f56bfc062723c751e8b465ee728b)  -> (artifact id: 'e03d4408b9f7930b30fcd2b498f315e0') in 0.011561 seconds
Number of updated asset objects reloaded before import = 0
Number of asset objects unloaded after import = 13
========================================================================
Received Prepare
Begin MonoManager ReloadAssembly
- Loaded All Assemblies, in  0.609 seconds
Refreshing native plugins compatible for Editor in 7.56 ms, found 11 plugins.
Native extension for WindowsStandalone target not found
Native extension for Android target not found
Native extension for WebGL target not found
[Package Manager] Server::EnsureServerProcessIsRunning -- launch failed, reason: Unity was launched with the -noUpm command-line argument
[Package Manager] UpmClient::Send -- Unable to send message (not connected to UPM process).
[Package Manager] Cannot connect to Unity Package Manager local server
[Package Manager] Server::EnsureServerProcessIsRunning -- launch failed, reason: Unity was launched with the -noUpm command-line argument
[Package Manager] UpmClient::Send -- Unable to send message (not connected to UPM process).
[Package Manager] Cannot connect to Unity Package Manager local server
Mono: successfully reloaded assembly
[Package Manager] Server::EnsureServerProcessIsRunning -- launch failed, reason: Unity was launched with the -noUpm command-line argument
[Package Manager] UpmClient::Send -- Unable to send message (not connected to UPM process).
[Package Manager] Cannot connect to Unity Package Manager local server
- Finished resetting the current domain, in  0.741 seconds
Domain Reload Profiling: 1350ms
	BeginReloadAssembly (124ms)
		ExecutionOrderSort (0ms)
		DisableScriptedObjects (4ms)
		BackupInstance (0ms)
		ReleaseScriptingObjects (0ms)
		CreateAndSetChildDomain (38ms)
	RebuildCommonClasses (31ms)
	RebuildNativeTypeToScriptingClass (11ms)
	initialDomainReloadingComplete (22ms)
	LoadAllAssembliesAndSetupDomain (420ms)
		LoadAssemblies (211ms)
		RebuildTransferFunctionScriptingTraits (0ms)
		AnalyzeDomain (261ms)
			TypeCache.Refresh (254ms)
				TypeCache.ScanAssembly (244ms)
			ScanForSourceGeneratedMonoScriptInfo (0ms)
			ResolveRequiredComponents (7ms)
	FinalizeReload (742ms)
		ReleaseScriptCaches (0ms)
		RebuildScriptCaches (0ms)
		SetupLoadedEditorAssemblies (390ms)
			LogAssemblyErrors (0ms)
			InitializePlatformSupportModulesInManaged (19ms)
			SetLoadedEditorAssemblies (4ms)
			RefreshPlugins (0ms)
			BeforeProcessingInitializeOnLoad (64ms)
			ProcessInitializeOnLoadAttributes (266ms)
			ProcessInitializeOnLoadMethodAttributes (33ms)
			AfterProcessingInitializeOnLoad (3ms)
			EditorAssembliesLoaded (0ms)
		ExecutionOrderSort2 (0ms)
		AwakeInstancesAfterBackupRestoration (8ms)
Refreshing native plugins compatible for Editor in 10.55 ms, found 11 plugins.
Preloading 0 native plugins for Editor in 0.00 ms.
Unloading 4460 Unused Serialized files (Serialized files now loaded: 0)
Unloading 63 unused Assets / (52.0 KB). Loaded Objects now: 4993.
Memory consumption went from 151.3 MB to 151.3 MB.
Total: 3.809900 ms (FindLiveObjects: 0.375300 ms CreateObjectMapping: 0.274000 ms MarkObjects: 3.037700 ms  DeleteObjects: 0.121800 ms)

Prepare: number of updated asset objects reloaded= 36
AssetImportParameters requested are different than current active one (requested -> active):
  custom:container-demuxer-ogg: 62fdf1f143b41e24485cea50d1cbac27 -> 
  custom:video-decoder-ogg-theora: a1e56fd34408186e4bbccfd4996cb3dc -> 
  custom:framework-win-MediaFoundation: 216162199b28c13a410421893ffa2e32 -> 
  custom:CustomObjectIndexerAttribute: 756ad292c208cfabdd7b50bc23989ffe -> 
  custom:container-demuxer-webm: 4f35f7cbe854078d1ac9338744f61a02 -> 
  custom:container-muxer-webm: aa71ff27fc2769a1b78a27578f13a17b -> 
  custom:video-decoder-webm-vp8: 9c59270c3fd7afecdb556c50c9e8de78 -> 
  custom:AudioImporter_EditorPlatform: d09bf68614088b80899f8185d706f6e7 -> 
  custom:video-encoder-webm-vp8: eb34c28f22e8b96e1ab97ce403110664 -> 
  custom:audio-decoder-ogg-vorbis: bf7c407c2cedff20999df2af8eb42d56 -> 
  custom:audio-encoder-webm-vorbis: bf7c407c2cedff20999df2af8eb42d56 -> 
========================================================================
Received Import Request.
  Time since last request: 130.118775 seconds.
  path: Assets/Script/MolecularOperations.cs
  artifactKey: Guid(4bf0d7048313b8d4599b5224129db707) Importer(815301076,1909f56bfc062723c751e8b465ee728b)
Start importing Assets/Script/MolecularOperations.cs using Guid(4bf0d7048313b8d4599b5224129db707) Importer(815301076,1909f56bfc062723c751e8b465ee728b)  -> (artifact id: '587397ed2c133e627d238df0247bfade') in 0.001899 seconds
Number of updated asset objects reloaded before import = 0
Number of asset objects unloaded after import = 0
========================================================================
Received Import Request.
  Time since last request: 4.158445 seconds.
  path: Assets/Script/BondOperations.cs
  artifactKey: Guid(3cb3dd8d7b7328942ad24cf78a62b383) Importer(815301076,1909f56bfc062723c751e8b465ee728b)
Start importing Assets/Script/BondOperations.cs using Guid(3cb3dd8d7b7328942ad24cf78a62b383) Importer(815301076,1909f56bfc062723c751e8b465ee728b)  -> (artifact id: '233f3d7c06ab8acd3f8bb4236d79c5e5') in 0.000425 seconds
Number of updated asset objects reloaded before import = 0
Number of asset objects unloaded after import = 0
========================================================================
Received Prepare
Begin MonoManager ReloadAssembly
- Loaded All Assemblies, in  0.619 seconds
Refreshing native plugins compatible for Editor in 7.31 ms, found 11 plugins.
Native extension for WindowsStandalone target not found
Native extension for Android target not found
Native extension for WebGL target not found
[Package Manager] Server::EnsureServerProcessIsRunning -- launch failed, reason: Unity was launched with the -noUpm command-line argument
[Package Manager] UpmClient::Send -- Unable to send message (not connected to UPM process).
[Package Manager] Cannot connect to Unity Package Manager local server
[Package Manager] Server::EnsureServerProcessIsRunning -- launch failed, reason: Unity was launched with the -noUpm command-line argument
[Package Manager] UpmClient::Send -- Unable to send message (not connected to UPM process).
[Package Manager] Cannot connect to Unity Package Manager local server
Mono: successfully reloaded assembly
[Package Manager] Server::EnsureServerProcessIsRunning -- launch failed, reason: Unity was launched with the -noUpm command-line argument
[Package Manager] UpmClient::Send -- Unable to send message (not connected to UPM process).
[Package Manager] Cannot connect to Unity Package Manager local server
- Finished resetting the current domain, in  0.734 seconds
Domain Reload Profiling: 1352ms
	BeginReloadAssembly (122ms)
		ExecutionOrderSort (0ms)
		DisableScriptedObjects (4ms)
		BackupInstance (0ms)
		ReleaseScriptingObjects (0ms)
		CreateAndSetChildDomain (35ms)
	RebuildCommonClasses (34ms)
	RebuildNativeTypeToScriptingClass (12ms)
	initialDomainReloadingComplete (26ms)
	LoadAllAssembliesAndSetupDomain (424ms)
		LoadAssemblies (208ms)
		RebuildTransferFunctionScriptingTraits (0ms)
		AnalyzeDomain (269ms)
			TypeCache.Refresh (257ms)
				TypeCache.ScanAssembly (247ms)
			ScanForSourceGeneratedMonoScriptInfo (5ms)
			ResolveRequiredComponents (7ms)
	FinalizeReload (735ms)
		ReleaseScriptCaches (0ms)
		RebuildScriptCaches (0ms)
		SetupLoadedEditorAssemblies (380ms)
			LogAssemblyErrors (0ms)
			InitializePlatformSupportModulesInManaged (21ms)
			SetLoadedEditorAssemblies (4ms)
			RefreshPlugins (0ms)
			BeforeProcessingInitializeOnLoad (63ms)
			ProcessInitializeOnLoadAttributes (261ms)
			ProcessInitializeOnLoadMethodAttributes (29ms)
			AfterProcessingInitializeOnLoad (2ms)
			EditorAssembliesLoaded (0ms)
		ExecutionOrderSort2 (0ms)
		AwakeInstancesAfterBackupRestoration (5ms)
Refreshing native plugins compatible for Editor in 7.08 ms, found 11 plugins.
Preloading 0 native plugins for Editor in 0.00 ms.
Unloading 4460 Unused Serialized files (Serialized files now loaded: 0)
Unloading 63 unused Assets / (52.3 KB). Loaded Objects now: 4999.
Memory consumption went from 151.4 MB to 151.3 MB.
Total: 3.632700 ms (FindLiveObjects: 0.373200 ms CreateObjectMapping: 0.119700 ms MarkObjects: 3.044600 ms  DeleteObjects: 0.093700 ms)

Prepare: number of updated asset objects reloaded= 0
AssetImportParameters requested are different than current active one (requested -> active):
  custom:container-demuxer-ogg: 62fdf1f143b41e24485cea50d1cbac27 -> 
  custom:video-decoder-ogg-theora: a1e56fd34408186e4bbccfd4996cb3dc -> 
  custom:framework-win-MediaFoundation: 216162199b28c13a410421893ffa2e32 -> 
  custom:CustomObjectIndexerAttribute: 756ad292c208cfabdd7b50bc23989ffe -> 
  custom:container-demuxer-webm: 4f35f7cbe854078d1ac9338744f61a02 -> 
  custom:container-muxer-webm: aa71ff27fc2769a1b78a27578f13a17b -> 
  custom:video-decoder-webm-vp8: 9c59270c3fd7afecdb556c50c9e8de78 -> 
  custom:AudioImporter_EditorPlatform: d09bf68614088b80899f8185d706f6e7 -> 
  custom:video-encoder-webm-vp8: eb34c28f22e8b96e1ab97ce403110664 -> 
  custom:audio-decoder-ogg-vorbis: bf7c407c2cedff20999df2af8eb42d56 -> 
  custom:audio-encoder-webm-vorbis: bf7c407c2cedff20999df2af8eb42d56 -> 
========================================================================
Received Prepare
Begin MonoManager ReloadAssembly
- Loaded All Assemblies, in  0.590 seconds
Refreshing native plugins compatible for Editor in 7.09 ms, found 11 plugins.
Native extension for WindowsStandalone target not found
Native extension for Android target not found
Native extension for WebGL target not found
[Package Manager] Server::EnsureServerProcessIsRunning -- launch failed, reason: Unity was launched with the -noUpm command-line argument
[Package Manager] UpmClient::Send -- Unable to send message (not connected to UPM process).
[Package Manager] Cannot connect to Unity Package Manager local server
[Package Manager] Server::EnsureServerProcessIsRunning -- launch failed, reason: Unity was launched with the -noUpm command-line argument
[Package Manager] UpmClient::Send -- Unable to send message (not connected to UPM process).
[Package Manager] Cannot connect to Unity Package Manager local server
Mono: successfully reloaded assembly
[Package Manager] Server::EnsureServerProcessIsRunning -- launch failed, reason: Unity was launched with the -noUpm command-line argument
[Package Manager] UpmClient::Send -- Unable to send message (not connected to UPM process).
[Package Manager] Cannot connect to Unity Package Manager local server
- Finished resetting the current domain, in  0.754 seconds
Domain Reload Profiling: 1344ms
	BeginReloadAssembly (121ms)
		ExecutionOrderSort (0ms)
		DisableScriptedObjects (6ms)
		BackupInstance (0ms)
		ReleaseScriptingObjects (0ms)
		CreateAndSetChildDomain (33ms)
	RebuildCommonClasses (29ms)
	RebuildNativeTypeToScriptingClass (11ms)
	initialDomainReloadingComplete (23ms)
	LoadAllAssembliesAndSetupDomain (405ms)
		LoadAssemblies (200ms)
		RebuildTransferFunctionScriptingTraits (0ms)
		AnalyzeDomain (256ms)
			TypeCache.Refresh (249ms)
				TypeCache.ScanAssembly (239ms)
			ScanForSourceGeneratedMonoScriptInfo (0ms)
			ResolveRequiredComponents (7ms)
	FinalizeReload (755ms)
		ReleaseScriptCaches (0ms)
		RebuildScriptCaches (0ms)
		SetupLoadedEditorAssemblies (406ms)
			LogAssemblyErrors (0ms)
			InitializePlatformSupportModulesInManaged (24ms)
			SetLoadedEditorAssemblies (5ms)
			RefreshPlugins (0ms)
			BeforeProcessingInitializeOnLoad (66ms)
			ProcessInitializeOnLoadAttributes (275ms)
			ProcessInitializeOnLoadMethodAttributes (32ms)
			AfterProcessingInitializeOnLoad (2ms)
			EditorAssembliesLoaded (0ms)
		ExecutionOrderSort2 (0ms)
		AwakeInstancesAfterBackupRestoration (6ms)
Refreshing native plugins compatible for Editor in 10.57 ms, found 11 plugins.
Preloading 0 native plugins for Editor in 0.00 ms.
Unloading 4460 Unused Serialized files (Serialized files now loaded: 0)
Unloading 63 unused Assets / (52.2 KB). Loaded Objects now: 5003.
Memory consumption went from 151.4 MB to 151.3 MB.
Total: 3.338800 ms (FindLiveObjects: 0.432200 ms CreateObjectMapping: 0.149000 ms MarkObjects: 2.652500 ms  DeleteObjects: 0.103800 ms)

Prepare: number of updated asset objects reloaded= 0
AssetImportParameters requested are different than current active one (requested -> active):
  custom:container-demuxer-ogg: 62fdf1f143b41e24485cea50d1cbac27 -> 
  custom:video-decoder-ogg-theora: a1e56fd34408186e4bbccfd4996cb3dc -> 
  custom:framework-win-MediaFoundation: 216162199b28c13a410421893ffa2e32 -> 
  custom:CustomObjectIndexerAttribute: 756ad292c208cfabdd7b50bc23989ffe -> 
  custom:container-demuxer-webm: 4f35f7cbe854078d1ac9338744f61a02 -> 
  custom:container-muxer-webm: aa71ff27fc2769a1b78a27578f13a17b -> 
  custom:video-decoder-webm-vp8: 9c59270c3fd7afecdb556c50c9e8de78 -> 
  custom:AudioImporter_EditorPlatform: d09bf68614088b80899f8185d706f6e7 -> 
  custom:video-encoder-webm-vp8: eb34c28f22e8b96e1ab97ce403110664 -> 
  custom:audio-decoder-ogg-vorbis: bf7c407c2cedff20999df2af8eb42d56 -> 
  custom:audio-encoder-webm-vorbis: bf7c407c2cedff20999df2af8eb42d56 -> 
========================================================================
Received Import Request.
  Time since last request: 449.598126 seconds.
  path: Assets/Prefab/Oxygen.prefab
  artifactKey: Guid(ecf1fa5ca36e8b34a982374278748dff) Importer(815301076,1909f56bfc062723c751e8b465ee728b)
Start importing Assets/Prefab/Oxygen.prefab using Guid(ecf1fa5ca36e8b34a982374278748dff) Importer(815301076,1909f56bfc062723c751e8b465ee728b)  -> (artifact id: '3b2e7e11a6465b324aae9779c5d8cd8e') in 0.084208 seconds
Number of updated asset objects reloaded before import = 0
Number of asset objects unloaded after import = 14
========================================================================
Received Import Request.
  Time since last request: 4.939560 seconds.
  path: Assets/Prefab/Oxygen.prefab
  artifactKey: Guid(ecf1fa5ca36e8b34a982374278748dff) Importer(815301076,1909f56bfc062723c751e8b465ee728b)
Start importing Assets/Prefab/Oxygen.prefab using Guid(ecf1fa5ca36e8b34a982374278748dff) Importer(815301076,1909f56bfc062723c751e8b465ee728b)  -> (artifact id: 'b40bc6fa0702ea9fc7ebffe39c1e3bc8') in 0.005572 seconds
Number of updated asset objects reloaded before import = 0
Number of asset objects unloaded after import = 11
========================================================================
Received Import Request.
  Time since last request: 24.997013 seconds.
  path: Assets/Prefab/Oxygen.prefab
  artifactKey: Guid(ecf1fa5ca36e8b34a982374278748dff) Importer(815301076,1909f56bfc062723c751e8b465ee728b)
Start importing Assets/Prefab/Oxygen.prefab using Guid(ecf1fa5ca36e8b34a982374278748dff) Importer(815301076,1909f56bfc062723c751e8b465ee728b)  -> (artifact id: 'b7a42a4730c8bfb93cab20676dd895a1') in 0.008682 seconds
Number of updated asset objects reloaded before import = 0
Number of asset objects unloaded after import = 12
========================================================================
Received Import Request.
  Time since last request: 8.453190 seconds.
  path: Assets/Prefab/Oxygen.prefab
  artifactKey: Guid(ecf1fa5ca36e8b34a982374278748dff) Importer(815301076,1909f56bfc062723c751e8b465ee728b)
Start importing Assets/Prefab/Oxygen.prefab using Guid(ecf1fa5ca36e8b34a982374278748dff) Importer(815301076,1909f56bfc062723c751e8b465ee728b)  -> (artifact id: '59f160884935f338c35835653d59ab84') in 0.007934 seconds
Number of updated asset objects reloaded before import = 0
Number of asset objects unloaded after import = 13
========================================================================
Received Import Request.
  Time since last request: 32.517310 seconds.
  path: Assets/Prefab/Oxygen.prefab
  artifactKey: Guid(ecf1fa5ca36e8b34a982374278748dff) Importer(815301076,1909f56bfc062723c751e8b465ee728b)
Start importing Assets/Prefab/Oxygen.prefab using Guid(ecf1fa5ca36e8b34a982374278748dff) Importer(815301076,1909f56bfc062723c751e8b465ee728b)  -> (artifact id: 'bf637d630031d90da47e9d9732987af2') in 0.014203 seconds
Number of updated asset objects reloaded before import = 0
Number of asset objects unloaded after import = 14
========================================================================
Received Import Request.
  Time since last request: 27.373211 seconds.
  path: Assets/Prefab/Oxygen 1.prefab
  artifactKey: Guid(50feb5f411342f94fbe2279da7f98918) Importer(815301076,1909f56bfc062723c751e8b465ee728b)
Start importing Assets/Prefab/Oxygen 1.prefab using Guid(50feb5f411342f94fbe2279da7f98918) Importer(815301076,1909f56bfc062723c751e8b465ee728b)  -> (artifact id: '0650aaefdb1c414a7808b1cd44736d58') in 0.005848 seconds
Number of updated asset objects reloaded before import = 0
Number of asset objects unloaded after import = 14
========================================================================
Received Import Request.
  Time since last request: 14.471529 seconds.
  path: Assets/Prefab/Carbon FF.prefab
  artifactKey: Guid(50feb5f411342f94fbe2279da7f98918) Importer(815301076,1909f56bfc062723c751e8b465ee728b)
Start importing Assets/Prefab/Carbon FF.prefab using Guid(50feb5f411342f94fbe2279da7f98918) Importer(815301076,1909f56bfc062723c751e8b465ee728b)  -> (artifact id: 'c085ac14f70fa30462abff56de659c63') in 0.008596 seconds
Number of updated asset objects reloaded before import = 0
Number of asset objects unloaded after import = 14
========================================================================
Received Import Request.
  Time since last request: 16.632267 seconds.
  path: Assets/Prefab/Carbon FF.prefab
  artifactKey: Guid(50feb5f411342f94fbe2279da7f98918) Importer(815301076,1909f56bfc062723c751e8b465ee728b)
Start importing Assets/Prefab/Carbon FF.prefab using Guid(50feb5f411342f94fbe2279da7f98918) Importer(815301076,1909f56bfc062723c751e8b465ee728b)  -> (artifact id: 'dc7e4b364d120892c60d92a1db753a28') in 0.010485 seconds
Number of updated asset objects reloaded before import = 0
Number of asset objects unloaded after import = 13
========================================================================
Received Import Request.
  Time since last request: 5.991160 seconds.
  path: Assets/Prefab/Oxygen FF.prefab
  artifactKey: Guid(ecf1fa5ca36e8b34a982374278748dff) Importer(815301076,1909f56bfc062723c751e8b465ee728b)
Start importing Assets/Prefab/Oxygen FF.prefab using Guid(ecf1fa5ca36e8b34a982374278748dff) Importer(815301076,1909f56bfc062723c751e8b465ee728b)  -> (artifact id: 'f049c697193c8087a6eaf32efaa149c6') in 0.006981 seconds
Number of updated asset objects reloaded before import = 0
Number of asset objects unloaded after import = 14
========================================================================
Received Import Request.
  Time since last request: 105.304310 seconds.
  path: Assets/Prefab/Bond 1.prefab
  artifactKey: Guid(fa88655db35c5c142b8a1a2ab028a44d) Importer(815301076,1909f56bfc062723c751e8b465ee728b)
Start importing Assets/Prefab/Bond 1.prefab using Guid(fa88655db35c5c142b8a1a2ab028a44d) Importer(815301076,1909f56bfc062723c751e8b465ee728b)  -> (artifact id: 'ddd354480299b404efe41dfd0c8bab5f') in 0.011919 seconds
Number of updated asset objects reloaded before import = 0
Number of asset objects unloaded after import = 7
========================================================================
Received Import Request.
  Time since last request: 5.604702 seconds.
  path: Assets/Prefab/Bond FF.prefab
  artifactKey: Guid(fa88655db35c5c142b8a1a2ab028a44d) Importer(815301076,1909f56bfc062723c751e8b465ee728b)
Start importing Assets/Prefab/Bond FF.prefab using Guid(fa88655db35c5c142b8a1a2ab028a44d) Importer(815301076,1909f56bfc062723c751e8b465ee728b)  -> (artifact id: '5e00c9b79bc82bd294932242e3e70fdc') in 0.006784 seconds
Number of updated asset objects reloaded before import = 0
Number of asset objects unloaded after import = 7
========================================================================
Received Import Request.
  Time since last request: 12.060209 seconds.
  path: Assets/Prefab/Bond FF.prefab
  artifactKey: Guid(fa88655db35c5c142b8a1a2ab028a44d) Importer(815301076,1909f56bfc062723c751e8b465ee728b)
Start importing Assets/Prefab/Bond FF.prefab using Guid(fa88655db35c5c142b8a1a2ab028a44d) Importer(815301076,1909f56bfc062723c751e8b465ee728b)  -> (artifact id: 'c0390627415b693d2f7980147884a351') in 0.011130 seconds
Number of updated asset objects reloaded before import = 0
Number of asset objects unloaded after import = 6
========================================================================
Received Import Request.
  Time since last request: 12.684598 seconds.
  path: Assets/Prefab/Bond FF.prefab
  artifactKey: Guid(fa88655db35c5c142b8a1a2ab028a44d) Importer(815301076,1909f56bfc062723c751e8b465ee728b)
Start importing Assets/Prefab/Bond FF.prefab using Guid(fa88655db35c5c142b8a1a2ab028a44d) Importer(815301076,1909f56bfc062723c751e8b465ee728b)  -> (artifact id: 'cc8b1d3d6f64768967cdb2e6ff51f25d') in 0.005389 seconds
Number of updated asset objects reloaded before import = 0
Number of asset objects unloaded after import = 7
========================================================================
Received Import Request.
  Time since last request: 16.506224 seconds.
  path: Assets/Prefab/Bond FF.prefab
  artifactKey: Guid(fa88655db35c5c142b8a1a2ab028a44d) Importer(815301076,1909f56bfc062723c751e8b465ee728b)
Start importing Assets/Prefab/Bond FF.prefab using Guid(fa88655db35c5c142b8a1a2ab028a44d) Importer(815301076,1909f56bfc062723c751e8b465ee728b)  -> (artifact id: 'd8fddae2ec5c90fdce11b89d92a3c61a') in 0.011698 seconds
Number of updated asset objects reloaded before import = 0
Number of asset objects unloaded after import = 8
========================================================================
Received Import Request.
  Time since last request: 16.322507 seconds.
  path: Assets/Prefab/Bond FF.prefab
  artifactKey: Guid(fa88655db35c5c142b8a1a2ab028a44d) Importer(815301076,1909f56bfc062723c751e8b465ee728b)
Start importing Assets/Prefab/Bond FF.prefab using Guid(fa88655db35c5c142b8a1a2ab028a44d) Importer(815301076,1909f56bfc062723c751e8b465ee728b)  -> (artifact id: '1571bbae48b1689cf0acc5be122b667e') in 0.005404 seconds
Number of updated asset objects reloaded before import = 0
Number of asset objects unloaded after import = 10
========================================================================
Received Import Request.
  Time since last request: 15.764955 seconds.
  path: Assets/SenseGlove/Models/DK1CAD/DK1_Left.prefab
  artifactKey: Guid(d65099f505e5cc0458cda3442f06d5b1) Importer(815301076,1909f56bfc062723c751e8b465ee728b)
Start importing Assets/SenseGlove/Models/DK1CAD/DK1_Left.prefab using Guid(d65099f505e5cc0458cda3442f06d5b1) Importer(815301076,1909f56bfc062723c751e8b465ee728b)  -> (artifact id: 'd98bfa7941b37e4cdccf2eb48010f984') in 0.034667 seconds
Number of updated asset objects reloaded before import = 0
Number of asset objects unloaded after import = 241
========================================================================
Received Import Request.
  Time since last request: 0.000026 seconds.
  path: Assets/SenseGlove/Models/DK1CAD/DK1Hub-R.fbx
  artifactKey: Guid(1fa4a508b214682438250743ac7bf6c4) Importer(815301076,1909f56bfc062723c751e8b465ee728b)
Start importing Assets/SenseGlove/Models/DK1CAD/DK1Hub-R.fbx using Guid(1fa4a508b214682438250743ac7bf6c4) Importer(815301076,1909f56bfc062723c751e8b465ee728b)  -> (artifact id: '619a34f0c74f31218e4de780879eab8b') in 0.052178 seconds
Number of updated asset objects reloaded before import = 0
Number of asset objects unloaded after import = 8
========================================================================
Received Import Request.
  Time since last request: 0.000022 seconds.
  path: Assets/SenseGlove/Models/finalRightHand.fbx
  artifactKey: Guid(d2fc1c5ad64642843b90dabd505473b2) Importer(815301076,1909f56bfc062723c751e8b465ee728b)
Start importing Assets/SenseGlove/Models/finalRightHand.fbx using Guid(d2fc1c5ad64642843b90dabd505473b2) Importer(815301076,1909f56bfc062723c751e8b465ee728b)  -> (artifact id: '2a5aed42e4448ff13818306a56e910d6') in 0.050251 seconds
Number of updated asset objects reloaded before import = 0
Number of asset objects unloaded after import = 81
========================================================================
Received Import Request.
  Time since last request: 0.000016 seconds.
  path: Assets/SenseGlove/Models/DK1CAD/FoamPad.fbx
  artifactKey: Guid(459d8c3325ac162488cfed0491d58fd8) Importer(815301076,1909f56bfc062723c751e8b465ee728b)
Start importing Assets/SenseGlove/Models/DK1CAD/FoamPad.fbx using Guid(459d8c3325ac162488cfed0491d58fd8) Importer(815301076,1909f56bfc062723c751e8b465ee728b)  -> (artifact id: '0994c5021df10a95c300e11442c43227') in 0.030158 seconds
Number of updated asset objects reloaded before import = 0
Number of asset objects unloaded after import = 8
Editor requested this worker to shutdown with reason: Scaling down because of idle timeout
TcpMessagingSession - receive error: operation aborted. errorcode: 995, details: Der E/A-Vorgang wurde wegen eines Threadendes oder einer Anwendungsanforderung abgebrochen.
AssetImportWorker is now disconnected from the server
Process exiting
Exiting without the bug reporter. Application will terminate with return code 0