Using pre-set license
Built from '2022.3/staging' branch; Version is '2022.3.4f1 (35713cd46cd7) revision 3502396'; Using compiler version '192829333'; Build Type 'Release'
OS: 'Windows 10  (10.0.19045) 64bit Professional' Language: 'de' Physical Memory: 32691 MB
BatchMode: 1, IsHumanControllingUs: 0, StartBugReporterOnCrash: 0, Is64bit: 1, IsPro: 1

COMMAND LINE ARGUMENTS:
D:\Unity\2022.3.4f1\Editor\Unity.exe
-adb2
-batchMode
-noUpm
-name
AssetImportWorker4
-projectPath
D:/UnityGames/3DTutorial/FFTestApplication
-logFile
Logs/AssetImportWorker4.log
-srvPort
65485
Successfully changed project path to: D:/UnityGames/3DTutorial/FFTestApplication
D:/UnityGames/3DTutorial/FFTestApplication
[UnityMemory] Configuration Parameters - Can be set up in boot.config
    "memorysetup-bucket-allocator-granularity=16"
    "memorysetup-bucket-allocator-bucket-count=8"
    "memorysetup-bucket-allocator-block-size=33554432"
    "memorysetup-bucket-allocator-block-count=8"
    "memorysetup-main-allocator-block-size=16777216"
    "memorysetup-thread-allocator-block-size=16777216"
    "memorysetup-gfx-main-allocator-block-size=16777216"
    "memorysetup-gfx-thread-allocator-block-size=16777216"
    "memorysetup-cache-allocator-block-size=4194304"
    "memorysetup-typetree-allocator-block-size=2097152"
    "memorysetup-profiler-bucket-allocator-granularity=16"
    "memorysetup-profiler-bucket-allocator-bucket-count=8"
    "memorysetup-profiler-bucket-allocator-block-size=33554432"
    "memorysetup-profiler-bucket-allocator-block-count=8"
    "memorysetup-profiler-allocator-block-size=16777216"
    "memorysetup-profiler-editor-allocator-block-size=1048576"
    "memorysetup-temp-allocator-size-main=16777216"
    "memorysetup-job-temp-allocator-block-size=2097152"
    "memorysetup-job-temp-allocator-block-size-background=1048576"
    "memorysetup-job-temp-allocator-reduction-small-platforms=262144"
    "memorysetup-allocator-temp-initial-block-size-main=262144"
    "memorysetup-allocator-temp-initial-block-size-worker=262144"
    "memorysetup-temp-allocator-size-background-worker=32768"
    "memorysetup-temp-allocator-size-job-worker=262144"
    "memorysetup-temp-allocator-size-preload-manager=33554432"
    "memorysetup-temp-allocator-size-nav-mesh-worker=65536"
    "memorysetup-temp-allocator-size-audio-worker=65536"
    "memorysetup-temp-allocator-size-cloud-worker=32768"
    "memorysetup-temp-allocator-size-gi-baking-worker=262144"
    "memorysetup-temp-allocator-size-gfx=262144"
Player connection [5388] Host "[IP] 192.168.178.23 [Port] 0 [Flags] 2 [Guid] 2124291219 [EditorId] 2124291219 [Version] 1048832 [Id] WindowsEditor(7,DESKTOP-RL1AD0M) [Debug] 1 [PackageName] WindowsEditor [ProjectName] Editor" joined multi-casting on [225.0.0.222:54997]...

Player connection [5388] Host "[IP] 192.168.178.23 [Port] 0 [Flags] 2 [Guid] 2124291219 [EditorId] 2124291219 [Version] 1048832 [Id] WindowsEditor(7,DESKTOP-RL1AD0M) [Debug] 1 [PackageName] WindowsEditor [ProjectName] Editor" joined alternative multi-casting on [225.0.0.222:34997]...

Refreshing native plugins compatible for Editor in 13.70 ms, found 11 plugins.
Preloading 0 native plugins for Editor in 0.00 ms.
Initialize engine version: 2022.3.4f1 (35713cd46cd7)
[Subsystems] Discovering subsystems at path D:/Unity/2022.3.4f1/Editor/Data/Resources/UnitySubsystems
[Subsystems] Discovering subsystems at path D:/UnityGames/3DTutorial/FFTestApplication/Assets
GfxDevice: creating device client; threaded=0; jobified=0
Direct3D:
    Version:  Direct3D 11.0 [level 11.1]
    Renderer: NVIDIA GeForce GTX 1050 Ti (ID=0x1c82)
    Vendor:   NVIDIA
    VRAM:     4017 MB
    Driver:   31.0.15.3623
Initialize mono
Mono path[0] = 'D:/Unity/2022.3.4f1/Editor/Data/Managed'
Mono path[1] = 'D:/Unity/2022.3.4f1/Editor/Data/MonoBleedingEdge/lib/mono/unityjit-win32'
Mono config path = 'D:/Unity/2022.3.4f1/Editor/Data/MonoBleedingEdge/etc'
Using monoOptions --debugger-agent=transport=dt_socket,embedding=1,server=y,suspend=n,address=127.0.0.1:56244
Begin MonoManager ReloadAssembly
Registering precompiled unity dll's ...
Register platform support module: D:/Unity/2022.3.4f1/Editor/Data/PlaybackEngines/WebGLSupport/UnityEditor.WebGL.Extensions.dll
Register platform support module: D:/Unity/2022.3.4f1/Editor/Data/PlaybackEngines/AndroidPlayer/UnityEditor.Android.Extensions.dll
Register platform support module: D:/Unity/2022.3.4f1/Editor/Data/PlaybackEngines/WindowsStandaloneSupport/UnityEditor.WindowsStandalone.Extensions.dll
Registered in 0.004572 seconds.
- Loaded All Assemblies, in  0.273 seconds
Native extension for WindowsStandalone target not found
Native extension for Android target not found
Android Extension - Scanning For ADB Devices 214 ms
Native extension for WebGL target not found
Mono: successfully reloaded assembly
- Finished resetting the current domain, in  0.492 seconds
Domain Reload Profiling: 766ms
	BeginReloadAssembly (67ms)
		ExecutionOrderSort (0ms)
		DisableScriptedObjects (0ms)
		BackupInstance (0ms)
		ReleaseScriptingObjects (0ms)
		CreateAndSetChildDomain (1ms)
	RebuildCommonClasses (30ms)
	RebuildNativeTypeToScriptingClass (10ms)
	initialDomainReloadingComplete (43ms)
	LoadAllAssembliesAndSetupDomain (122ms)
		LoadAssemblies (67ms)
		RebuildTransferFunctionScriptingTraits (0ms)
		AnalyzeDomain (119ms)
			TypeCache.Refresh (118ms)
				TypeCache.ScanAssembly (110ms)
			ScanForSourceGeneratedMonoScriptInfo (0ms)
			ResolveRequiredComponents (1ms)
	FinalizeReload (493ms)
		ReleaseScriptCaches (0ms)
		RebuildScriptCaches (0ms)
		SetupLoadedEditorAssemblies (443ms)
			LogAssemblyErrors (0ms)
			InitializePlatformSupportModulesInManaged (317ms)
			SetLoadedEditorAssemblies (3ms)
			RefreshPlugins (0ms)
			BeforeProcessingInitializeOnLoad (2ms)
			ProcessInitializeOnLoadAttributes (82ms)
			ProcessInitializeOnLoadMethodAttributes (39ms)
			AfterProcessingInitializeOnLoad (0ms)
			EditorAssembliesLoaded (0ms)
		ExecutionOrderSort2 (0ms)
		AwakeInstancesAfterBackupRestoration (0ms)
========================================================================
Worker process is ready to serve import requests
Begin MonoManager ReloadAssembly
- Loaded All Assemblies, in  0.611 seconds
Refreshing native plugins compatible for Editor in 7.06 ms, found 11 plugins.
Native extension for WindowsStandalone target not found
Native extension for Android target not found
Native extension for WebGL target not found
Package Manager log level set to [2]
[Package Manager] Server::EnsureServerProcessIsRunning -- launch failed, reason: Unity was launched with the -noUpm command-line argument
[Package Manager] UpmClient::Send -- Unable to send message (not connected to UPM process).
[Package Manager] Cannot connect to Unity Package Manager local server
[Package Manager] Server::EnsureServerProcessIsRunning -- launch failed, reason: Unity was launched with the -noUpm command-line argument
[Package Manager] UpmClient::Send -- Unable to send message (not connected to UPM process).
[Package Manager] Cannot connect to Unity Package Manager local server
Mono: successfully reloaded assembly
[Package Manager] Server::EnsureServerProcessIsRunning -- launch failed, reason: Unity was launched with the -noUpm command-line argument
[Package Manager] UpmClient::Send -- Unable to send message (not connected to UPM process).
[Package Manager] Cannot connect to Unity Package Manager local server
[Package Manager] Server::EnsureServerProcessIsRunning -- launch failed, reason: Unity was launched with the -noUpm command-line argument
[Package Manager] UpmClient::Send -- Unable to send message (not connected to UPM process).
[Package Manager] Cannot connect to Unity Package Manager local server
- Finished resetting the current domain, in  0.562 seconds
Domain Reload Profiling: 1173ms
	BeginReloadAssembly (102ms)
		ExecutionOrderSort (0ms)
		DisableScriptedObjects (5ms)
		BackupInstance (0ms)
		ReleaseScriptingObjects (0ms)
		CreateAndSetChildDomain (19ms)
	RebuildCommonClasses (29ms)
	RebuildNativeTypeToScriptingClass (11ms)
	initialDomainReloadingComplete (33ms)
	LoadAllAssembliesAndSetupDomain (436ms)
		LoadAssemblies (200ms)
		RebuildTransferFunctionScriptingTraits (0ms)
		AnalyzeDomain (285ms)
			TypeCache.Refresh (260ms)
				TypeCache.ScanAssembly (249ms)
			ScanForSourceGeneratedMonoScriptInfo (19ms)
			ResolveRequiredComponents (6ms)
	FinalizeReload (563ms)
		ReleaseScriptCaches (0ms)
		RebuildScriptCaches (0ms)
		SetupLoadedEditorAssemblies (405ms)
			LogAssemblyErrors (0ms)
			InitializePlatformSupportModulesInManaged (18ms)
			SetLoadedEditorAssemblies (4ms)
			RefreshPlugins (0ms)
			BeforeProcessingInitializeOnLoad (61ms)
			ProcessInitializeOnLoadAttributes (281ms)
			ProcessInitializeOnLoadMethodAttributes (38ms)
			AfterProcessingInitializeOnLoad (3ms)
			EditorAssembliesLoaded (0ms)
		ExecutionOrderSort2 (0ms)
		AwakeInstancesAfterBackupRestoration (6ms)
Launched and connected shader compiler UnityShaderCompiler.exe after 0.03 seconds
Refreshing native plugins compatible for Editor in 7.03 ms, found 11 plugins.
Preloading 0 native plugins for Editor in 0.00 ms.
Unloading 4477 Unused Serialized files (Serialized files now loaded: 0)
Unloading 89 unused Assets / (78.4 KB). Loaded Objects now: 4945.
Memory consumption went from 153.8 MB to 153.8 MB.
Total: 3.108000 ms (FindLiveObjects: 0.322300 ms CreateObjectMapping: 0.114200 ms MarkObjects: 2.535500 ms  DeleteObjects: 0.135500 ms)

AssetImportParameters requested are different than current active one (requested -> active):
  custom:container-demuxer-ogg: 62fdf1f143b41e24485cea50d1cbac27 -> 
  custom:video-decoder-ogg-theora: a1e56fd34408186e4bbccfd4996cb3dc -> 
  custom:framework-win-MediaFoundation: 216162199b28c13a410421893ffa2e32 -> 
  custom:CustomObjectIndexerAttribute: 756ad292c208cfabdd7b50bc23989ffe -> 
  custom:container-demuxer-webm: 4f35f7cbe854078d1ac9338744f61a02 -> 
  custom:container-muxer-webm: aa71ff27fc2769a1b78a27578f13a17b -> 
  custom:video-decoder-webm-vp8: 9c59270c3fd7afecdb556c50c9e8de78 -> 
  custom:AudioImporter_EditorPlatform: d09bf68614088b80899f8185d706f6e7 -> 
  custom:scripting/monoscript/fileName/MenuUtils.cs: ef61e56f05605c149332b0b451f694ed -> 
  custom:video-encoder-webm-vp8: eb34c28f22e8b96e1ab97ce403110664 -> 
  custom:audio-decoder-ogg-vorbis: bf7c407c2cedff20999df2af8eb42d56 -> 
  custom:audio-encoder-webm-vorbis: bf7c407c2cedff20999df2af8eb42d56 -> 
========================================================================
Received Import Request.
  Time since last request: 1033606.640409 seconds.
  path: Assets/SenseGlove/Materials/GrabColliderColor.mat
  artifactKey: Guid(1c960c60e8cdd774eb3b847c003e26c0) Importer(815301076,1909f56bfc062723c751e8b465ee728b)
Start importing Assets/SenseGlove/Materials/GrabColliderColor.mat using Guid(1c960c60e8cdd774eb3b847c003e26c0) Importer(815301076,1909f56bfc062723c751e8b465ee728b)  -> (artifact id: 'f8945d18c34b883bbe46c53ae5f5e127') in 0.082437 seconds
Number of updated asset objects reloaded before import = 0
Number of asset objects unloaded after import = 1
========================================================================
Received Import Request.
  Time since last request: 0.007306 seconds.
  path: Assets/SenseGlove/Materials/Red.mat
  artifactKey: Guid(fc9fed2e898bbb145807859ba1fe8990) Importer(815301076,1909f56bfc062723c751e8b465ee728b)
Start importing Assets/SenseGlove/Materials/Red.mat using Guid(fc9fed2e898bbb145807859ba1fe8990) Importer(815301076,1909f56bfc062723c751e8b465ee728b)  -> (artifact id: '1c412c50b2aca622d727042fd34ea51e') in 0.011372 seconds
Number of updated asset objects reloaded before import = 0
Number of asset objects unloaded after import = 1
========================================================================
Received Import Request.
  Time since last request: 0.330159 seconds.
  path: Assets/SenseGlove/Models/DK1CAD/SGBlue.mat
  artifactKey: Guid(d61295a7df6e6e5409b3db4152e07964) Importer(815301076,1909f56bfc062723c751e8b465ee728b)
Start importing Assets/SenseGlove/Models/DK1CAD/SGBlue.mat using Guid(d61295a7df6e6e5409b3db4152e07964) Importer(815301076,1909f56bfc062723c751e8b465ee728b)  -> (artifact id: '2cecbbc11251a3487726742e76c5c6c4') in 0.010539 seconds
Number of updated asset objects reloaded before import = 0
Number of asset objects unloaded after import = 1
========================================================================
Received Import Request.
  Time since last request: 0.000013 seconds.
  path: Assets/SenseGlove/Materials/StressBall.mat
  artifactKey: Guid(093eb5e5d2d0dfc46bb5074dae1df20f) Importer(815301076,1909f56bfc062723c751e8b465ee728b)
Start importing Assets/SenseGlove/Materials/StressBall.mat using Guid(093eb5e5d2d0dfc46bb5074dae1df20f) Importer(815301076,1909f56bfc062723c751e8b465ee728b)  -> (artifact id: 'a567de393b0d7ff3c024f0edf9135d8d') in 0.011334 seconds
Number of updated asset objects reloaded before import = 0
Number of asset objects unloaded after import = 1
========================================================================
Received Import Request.
  Time since last request: 0.024465 seconds.
  path: Assets/XRI/Settings/Resources/XRDeviceSimulatorSettings.asset
  artifactKey: Guid(962b70b01bee3124ab5d1aedb0ef80f7) Importer(815301076,1909f56bfc062723c751e8b465ee728b)
Start importing Assets/XRI/Settings/Resources/XRDeviceSimulatorSettings.asset using Guid(962b70b01bee3124ab5d1aedb0ef80f7) Importer(815301076,1909f56bfc062723c751e8b465ee728b)  -> (artifact id: '715fea68a4ca6749af2c165520ddbbbe') in 0.001712 seconds
Number of updated asset objects reloaded before import = 0
Number of asset objects unloaded after import = 1
========================================================================
Received Import Request.
  Time since last request: 27.282969 seconds.
  path: Assets/Prefab/Bond FF.prefab
  artifactKey: Guid(fa88655db35c5c142b8a1a2ab028a44d) Importer(815301076,1909f56bfc062723c751e8b465ee728b)
Start importing Assets/Prefab/Bond FF.prefab using Guid(fa88655db35c5c142b8a1a2ab028a44d) Importer(815301076,1909f56bfc062723c751e8b465ee728b)  -> (artifact id: '149da96070f709e3704b3d52357220ce') in 0.021998 seconds
Number of updated asset objects reloaded before import = 0
Number of asset objects unloaded after import = 13
========================================================================
Received Import Request.
  Time since last request: 21.638017 seconds.
  path: Assets/Prefab/Bond FF.prefab
  artifactKey: Guid(fa88655db35c5c142b8a1a2ab028a44d) Importer(815301076,1909f56bfc062723c751e8b465ee728b)
Start importing Assets/Prefab/Bond FF.prefab using Guid(fa88655db35c5c142b8a1a2ab028a44d) Importer(815301076,1909f56bfc062723c751e8b465ee728b)  -> (artifact id: '6c499985dd3d82ae1832525a7a734691') in 0.015772 seconds
Number of updated asset objects reloaded before import = 0
Number of asset objects unloaded after import = 13
========================================================================
Received Import Request.
  Time since last request: 17.077733 seconds.
  path: Assets/Prefab/Bond FF.prefab
  artifactKey: Guid(fa88655db35c5c142b8a1a2ab028a44d) Importer(815301076,1909f56bfc062723c751e8b465ee728b)
Start importing Assets/Prefab/Bond FF.prefab using Guid(fa88655db35c5c142b8a1a2ab028a44d) Importer(815301076,1909f56bfc062723c751e8b465ee728b)  -> (artifact id: 'eb7622311561bb2efa45811418beb26f') in 0.007401 seconds
Number of updated asset objects reloaded before import = 0
Number of asset objects unloaded after import = 13
========================================================================
Received Import Request.
  Time since last request: 2.768815 seconds.
  path: Assets/Prefab/Bond FF.prefab
  artifactKey: Guid(fa88655db35c5c142b8a1a2ab028a44d) Importer(815301076,1909f56bfc062723c751e8b465ee728b)
Start importing Assets/Prefab/Bond FF.prefab using Guid(fa88655db35c5c142b8a1a2ab028a44d) Importer(815301076,1909f56bfc062723c751e8b465ee728b)  -> (artifact id: '9bb0e0fcbe2f3d2c7bc27084e2a98a02') in 0.006942 seconds
Number of updated asset objects reloaded before import = 0
Number of asset objects unloaded after import = 15
========================================================================
Received Import Request.
  Time since last request: 3.828685 seconds.
  path: Assets/Prefab/Bond FF.prefab
  artifactKey: Guid(fa88655db35c5c142b8a1a2ab028a44d) Importer(815301076,1909f56bfc062723c751e8b465ee728b)
Start importing Assets/Prefab/Bond FF.prefab using Guid(fa88655db35c5c142b8a1a2ab028a44d) Importer(815301076,1909f56bfc062723c751e8b465ee728b)  -> (artifact id: '9060b65ac365e87aff7c67795378c229') in 0.006086 seconds
Number of updated asset objects reloaded before import = 0
Number of asset objects unloaded after import = 15
========================================================================
Received Import Request.
  Time since last request: 9.537987 seconds.
  path: Assets/Prefab/Bond FF.prefab
  artifactKey: Guid(fa88655db35c5c142b8a1a2ab028a44d) Importer(815301076,1909f56bfc062723c751e8b465ee728b)
Start importing Assets/Prefab/Bond FF.prefab using Guid(fa88655db35c5c142b8a1a2ab028a44d) Importer(815301076,1909f56bfc062723c751e8b465ee728b)  -> (artifact id: '226e1b8a3dfa19ad0525ddc32f55abbb') in 0.006469 seconds
Number of updated asset objects reloaded before import = 0
Number of asset objects unloaded after import = 15
========================================================================
Received Import Request.
  Time since last request: 5.197326 seconds.
  path: Assets/Prefab/Bond FF.prefab
  artifactKey: Guid(fa88655db35c5c142b8a1a2ab028a44d) Importer(815301076,1909f56bfc062723c751e8b465ee728b)
Start importing Assets/Prefab/Bond FF.prefab using Guid(fa88655db35c5c142b8a1a2ab028a44d) Importer(815301076,1909f56bfc062723c751e8b465ee728b)  -> (artifact id: '63268fdeffaf6c26df487bd564ae030f') in 0.009145 seconds
Number of updated asset objects reloaded before import = 0
Number of asset objects unloaded after import = 15
========================================================================
Received Import Request.
  Time since last request: 4.637581 seconds.
  path: Assets/Prefab/Bond FF.prefab
  artifactKey: Guid(fa88655db35c5c142b8a1a2ab028a44d) Importer(815301076,1909f56bfc062723c751e8b465ee728b)
Start importing Assets/Prefab/Bond FF.prefab using Guid(fa88655db35c5c142b8a1a2ab028a44d) Importer(815301076,1909f56bfc062723c751e8b465ee728b)  -> (artifact id: '1ff2a159e2d419aa2c9bf51ff17a97e0') in 0.006482 seconds
Number of updated asset objects reloaded before import = 0
Number of asset objects unloaded after import = 15
========================================================================
Received Import Request.
  Time since last request: 8.739953 seconds.
  path: Assets/Prefab/Bond FF.prefab
  artifactKey: Guid(fa88655db35c5c142b8a1a2ab028a44d) Importer(815301076,1909f56bfc062723c751e8b465ee728b)
Start importing Assets/Prefab/Bond FF.prefab using Guid(fa88655db35c5c142b8a1a2ab028a44d) Importer(815301076,1909f56bfc062723c751e8b465ee728b)  -> (artifact id: '6411ae04ce0fadec7a38c1a4f8b93cc4') in 0.015781 seconds
Number of updated asset objects reloaded before import = 0
Number of asset objects unloaded after import = 16
========================================================================
Received Import Request.
  Time since last request: 3.251719 seconds.
  path: Assets/Prefab/Bond FF.prefab
  artifactKey: Guid(fa88655db35c5c142b8a1a2ab028a44d) Importer(815301076,1909f56bfc062723c751e8b465ee728b)
Start importing Assets/Prefab/Bond FF.prefab using Guid(fa88655db35c5c142b8a1a2ab028a44d) Importer(815301076,1909f56bfc062723c751e8b465ee728b)  -> (artifact id: 'f60f9ea32c28d639d213365f02f08c8f') in 0.012597 seconds
Number of updated asset objects reloaded before import = 0
Number of asset objects unloaded after import = 13
========================================================================
Received Import Request.
  Time since last request: 479.627595 seconds.
  path: Assets/Script/AtomGrabber.cs
  artifactKey: Guid(c8ccb00f77baa8d49b8a245a91233f2d) Importer(815301076,1909f56bfc062723c751e8b465ee728b)
Start importing Assets/Script/AtomGrabber.cs using Guid(c8ccb00f77baa8d49b8a245a91233f2d) Importer(815301076,1909f56bfc062723c751e8b465ee728b)  -> (artifact id: '7f077c4aee83db041db3dbbbf2680f7d') in 0.000475 seconds
Number of updated asset objects reloaded before import = 0
Number of asset objects unloaded after import = 0
